<?xml version="1.0" encoding="UTF-8"?>
<!-- Generated by org.testng.reporters.JUnitReportReporter -->
<testsuite hostname="LTIN117399" failures="0" tests="1" name="com.testcases.framework.FirstTestCase" time="56.650" errors="0" timestamp="2021-06-29T15:30:12 IST" skipped="0">
  <testcase classname="com.testcases.framework.FirstTestCase" name="geturl" time="56.650"/>
  <system-out/>
</testsuite> <!-- com.testcases.framework.FirstTestCase -->
