<?xml version="1.0" encoding="UTF-8"?>
<!-- Generated by org.testng.reporters.JUnitReportReporter -->
<testsuite skipped="0" hostname="LTIN252923" name="com.testcases.framework.TestCaserPin001" tests="1" failures="0" timestamp="2021-12-08T12:07:12 IST" time="52.459" errors="0">
  <testcase name="rpinCreateAnEmployee" time="52.459" classname="com.testcases.framework.TestCaserPin001"/>
  <system-out/>
</testsuite> <!-- com.testcases.framework.TestCaserPin001 -->
