<?xml version="1.0" encoding="UTF-8"?>
<!-- Generated by org.testng.reporters.JUnitReportReporter -->
<testsuite skipped="0" hostname="LTIN252923" name="com.testcases.framework.TestCase_TH_001" tests="1" failures="0" timestamp="2021-12-08T12:07:12 IST" time="23.037" errors="0">
  <testcase name="rpinCreateAnEmployee" time="23.037" classname="com.testcases.framework.TestCase_TH_001"/>
  <system-out/>
</testsuite> <!-- com.testcases.framework.TestCase_TH_001 -->
