<?xml version="1.0" encoding="UTF-8"?>
<!-- Generated by org.testng.reporters.JUnitReportReporter -->
<testsuite skipped="0" hostname="LTIN253346" name="com.testcases.framework.RegressionTest14feb" tests="31" failures="0" timestamp="17 Mar 2023 09:21:34 GMT" time="886.539" errors="1">
  <testcase name="appClose" time="331.258" classname="com.testcases.framework.RegressionTest14feb">
    <error type="org.sikuli.script.FindFailed" message="C:/Images For Sikuli/EndSession.png: (515x66) in R[0,0 1920x1080]@S(0)">
      <![CDATA[FindFailed: C:/Images For Sikuli/EndSession.png: (515x66) in R[0,0 1920x1080]@S(0)
  Line 2226, in file Region.java

at org.sikuli.script.Region.wait(Region.java:2226)
at com.testcases.framework.RegressionTest14feb.appClose(RegressionTest14feb.java:2325)
at sun.reflect.NativeMethodAccessorImpl.invoke0(Native Method)
at sun.reflect.NativeMethodAccessorImpl.invoke(Unknown Source)
at sun.reflect.DelegatingMethodAccessorImpl.invoke(Unknown Source)
at java.lang.reflect.Method.invoke(Unknown Source)
at org.testng.internal.MethodInvocationHelper.invokeMethod(MethodInvocationHelper.java:124)
at org.testng.internal.MethodInvocationHelper.invokeMethodConsideringTimeout(MethodInvocationHelper.java:59)
at org.testng.internal.Invoker.invokeConfigurationMethod(Invoker.java:458)
at org.testng.internal.Invoker.invokeConfigurations(Invoker.java:222)
at org.testng.internal.Invoker.invokeConfigurations(Invoker.java:142)
at org.testng.SuiteRunner.privateRun(SuiteRunner.java:425)
at org.testng.SuiteRunner.run(SuiteRunner.java:364)
at org.testng.SuiteRunnerWorker.runSuite(SuiteRunnerWorker.java:52)
at org.testng.SuiteRunnerWorker.run(SuiteRunnerWorker.java:84)
at org.testng.TestNG.runSuitesSequentially(TestNG.java:1208)
at org.testng.TestNG.runSuitesLocally(TestNG.java:1137)
at org.testng.TestNG.runSuites(TestNG.java:1049)
at org.testng.TestNG.run(TestNG.java:1017)
at org.testng.remote.AbstractRemoteTestNG.run(AbstractRemoteTestNG.java:114)
at org.testng.remote.RemoteTestNG.initAndRun(RemoteTestNG.java:251)
at org.testng.remote.RemoteTestNG.main(RemoteTestNG.java:77)
]]>
    </error>
  </testcase> <!-- appClose -->
  <testcase name="sikuliTestCase001" time="15.738" classname="com.testcases.framework.RegressionTest14feb"/>
  <testcase name="siKuliTestCase002" time="24.870" classname="com.testcases.framework.RegressionTest14feb"/>
  <testcase name="siKuliTestCase003" time="25.083" classname="com.testcases.framework.RegressionTest14feb"/>
  <testcase name="siKuliTestCase004" time="14.812" classname="com.testcases.framework.RegressionTest14feb"/>
  <testcase name="siKuliTestCase005" time="13.986" classname="com.testcases.framework.RegressionTest14feb"/>
  <testcase name="siKuliTestCase006" time="14.753" classname="com.testcases.framework.RegressionTest14feb"/>
  <testcase name="siKuliTestCase007" time="17.986" classname="com.testcases.framework.RegressionTest14feb"/>
  <testcase name="siKuliTestCase008" time="18.658" classname="com.testcases.framework.RegressionTest14feb"/>
  <testcase name="siKuliTestCase009" time="17.908" classname="com.testcases.framework.RegressionTest14feb"/>
  <testcase name="siKuliTestCase010" time="21.194" classname="com.testcases.framework.RegressionTest14feb"/>
  <testcase name="siKuliTestCase011" time="19.599" classname="com.testcases.framework.RegressionTest14feb"/>
  <testcase name="siKuliTestCase012" time="17.106" classname="com.testcases.framework.RegressionTest14feb"/>
  <testcase name="siKuliTestCase013" time="18.837" classname="com.testcases.framework.RegressionTest14feb"/>
  <testcase name="siKuliTestCase014" time="18.185" classname="com.testcases.framework.RegressionTest14feb"/>
  <testcase name="siKuliTestCase015" time="17.609" classname="com.testcases.framework.RegressionTest14feb"/>
  <testcase name="sikuliTestCase016" time="17.677" classname="com.testcases.framework.RegressionTest14feb"/>
  <testcase name="sikuliTestCase017" time="17.499" classname="com.testcases.framework.RegressionTest14feb"/>
  <testcase name="sikuliTestCase018" time="17.518" classname="com.testcases.framework.RegressionTest14feb"/>
  <testcase name="sikuliTestCase019" time="16.405" classname="com.testcases.framework.RegressionTest14feb"/>
  <testcase name="sikuliTestCase020" time="17.633" classname="com.testcases.framework.RegressionTest14feb"/>
  <testcase name="sikuliTestCase021" time="23.237" classname="com.testcases.framework.RegressionTest14feb"/>
  <testcase name="sikuliTestCase022" time="17.313" classname="com.testcases.framework.RegressionTest14feb"/>
  <testcase name="sikuliTestCase023" time="17.761" classname="com.testcases.framework.RegressionTest14feb"/>
  <testcase name="siKuliTestCase024" time="19.406" classname="com.testcases.framework.RegressionTest14feb"/>
  <testcase name="siKuliTestCase025" time="17.986" classname="com.testcases.framework.RegressionTest14feb"/>
  <testcase name="siKuliTestCase026" time="20.953" classname="com.testcases.framework.RegressionTest14feb"/>
  <testcase name="siKuliTestCase027" time="19.171" classname="com.testcases.framework.RegressionTest14feb"/>
  <testcase name="siKuliTestCase028" time="20.921" classname="com.testcases.framework.RegressionTest14feb"/>
  <testcase name="siKuliTestCase029" time="17.143" classname="com.testcases.framework.RegressionTest14feb"/>
  <testcase name="siKuliTestCase030" time="18.334" classname="com.testcases.framework.RegressionTest14feb"/>
</testsuite> <!-- com.testcases.framework.RegressionTest14feb -->
