<?xml version="1.0" encoding="UTF-8"?>
<!-- Generated by org.testng.reporters.JUnitReportReporter -->
<testsuite hostname="LTIN419544" failures="0" tests="1" name="com.testcases.framework.SikuliTestCase" time="492.007" errors="0" timestamp="2022-11-21T08:40:52 IST" skipped="0">
  <testcase classname="com.testcases.framework.SikuliTestCase" name="siKuliTestCase001" time="492.007"/>
  <system-out/>
</testsuite> <!-- com.testcases.framework.SikuliTestCase -->
