<?xml version="1.0" encoding="UTF-8"?>
<!-- Generated by org.testng.reporters.JUnitReportReporter -->
<testsuite hostname="LTIN117399" failures="0" tests="1" name="com.testcases.framework.SecondsTestCase" time="10.786" errors="0" timestamp="2021-06-29T15:32:38 IST" skipped="0">
  <testcase classname="com.testcases.framework.SecondsTestCase" name="test" time="10.786"/>
  <system-out/>
</testsuite> <!-- com.testcases.framework.SecondsTestCase -->
