<?xml version="1.0" encoding="UTF-8"?>
<!-- Generated by org.testng.reporters.JUnitReportReporter -->
<testsuite hostname="AMBIN04841" failures="0" tests="1" name="com.testcases.framework.RBI_Content_PLU_Modification" time="141.159" errors="0" timestamp="2021-11-09T17:56:44 IST" skipped="0">
  <testcase classname="com.testcases.framework.RBI_Content_PLU_Modification" name="modifyRBIPLU" time="141.159"/>
  <system-out/>
</testsuite> <!-- com.testcases.framework.RBI_Content_PLU_Modification -->
