<?xml version="1.0" encoding="UTF-8"?>
<!-- Generated by org.testng.reporters.JUnitReportReporter -->
<testsuite hostname="LTIN253224" failures="0" tests="1" name="com.testcases.framework.RBIContent" time="139.586" errors="0" timestamp="2021-08-05T22:51:21 IST" skipped="0">
  <testcase classname="com.testcases.framework.RBIContent" name="createRBIContent" time="139.586"/>
  <system-out/>
</testsuite> <!-- com.testcases.framework.RBIContent -->
